{"level":"info","ts":"2025-09-15T23:35:43+08:00","logger":"crypto.Binance_crypto_1s","caller":"pipeline/pipeline.go:45","msg":"pipeline started","batchSize":10,"batchesPerTick":1}
{"level":"info","ts":"2025-09-15T23:35:43+08:00","logger":"crypto.Yahoo_crypto_daily","caller":"pipeline/pipeline.go:45","msg":"pipeline started","batchSize":10,"batchesPerTick":1}
{"level":"info","ts":"2025-09-15T23:35:43+08:00","logger":"crypto.Binance_crypto_1s","caller":"usecase/ingest.go:91","msg":"published","batchSize":10,"batchesPerTick":1,"subject":"quotes.unknown.unknown","count":2}
{"level":"info","ts":"2025-09-15T23:35:43+08:00","logger":"crypto.Binance_crypto_1s","caller":"pipeline/pipeline.go:95","msg":"pipeline wrote file","batchSize":10,"batchesPerTick":1,"path":"out\\binance\\Binance_crypto_1s_20250915_233543.json","items":2}
{"level":"info","ts":"2025-09-15T23:35:44+08:00","logger":"crypto.Yahoo_crypto_daily","caller":"usecase/ingest.go:91","msg":"published","batchSize":10,"batchesPerTick":1,"subject":"quotes.yahoo.crypto","count":2}
{"level":"info","ts":"2025-09-15T23:35:44+08:00","logger":"crypto.Yahoo_crypto_daily","caller":"pipeline/pipeline.go:95","msg":"pipeline wrote file","batchSize":10,"batchesPerTick":1,"path":"out\\yahoo\\Yahoo_crypto_daily_20250915_233544.json","items":2}
{"level":"info","ts":"2025-09-15T23:35:44+08:00","logger":"crypto.Binance_crypto_1s","caller":"usecase/ingest.go:91","msg":"published","batchSize":10,"batchesPerTick":1,"subject":"quotes.unknown.unknown","count":2}
{"level":"info","ts":"2025-09-15T23:35:44+08:00","logger":"crypto.Binance_crypto_1s","caller":"pipeline/pipeline.go:95","msg":"pipeline wrote file","batchSize":10,"batchesPerTick":1,"path":"out\\binance\\Binance_crypto_1s_20250915_233544.json","items":2}
{"level":"info","ts":"2025-09-15T23:35:45+08:00","logger":"crypto.Binance_crypto_1s","caller":"usecase/ingest.go:91","msg":"published","batchSize":10,"batchesPerTick":1,"subject":"quotes.unknown.unknown","count":2}
{"level":"info","ts":"2025-09-15T23:35:45+08:00","logger":"crypto.Binance_crypto_1s","caller":"pipeline/pipeline.go:95","msg":"pipeline wrote file","batchSize":10,"batchesPerTick":1,"path":"out\\binance\\Binance_crypto_1s_20250915_233545.json","items":2}
{"level":"info","ts":"2025-09-15T23:35:46+08:00","logger":"crypto.Binance_crypto_1s","caller":"usecase/ingest.go:91","msg":"published","batchSize":10,"batchesPerTick":1,"subject":"quotes.unknown.unknown","count":2}
{"level":"info","ts":"2025-09-15T23:35:46+08:00","logger":"crypto.Binance_crypto_1s","caller":"pipeline/pipeline.go:95","msg":"pipeline wrote file","batchSize":10,"batchesPerTick":1,"path":"out\\binance\\Binance_crypto_1s_20250915_233546.json","items":2}
{"level":"info","ts":"2025-09-15T23:35:47+08:00","logger":"crypto.Binance_crypto_1s","caller":"usecase/ingest.go:91","msg":"published","batchSize":10,"batchesPerTick":1,"subject":"quotes.unknown.unknown","count":2}
{"level":"info","ts":"2025-09-15T23:35:47+08:00","logger":"crypto.Binance_crypto_1s","caller":"pipeline/pipeline.go:95","msg":"pipeline wrote file","batchSize":10,"batchesPerTick":1,"path":"out\\binance\\Binance_crypto_1s_20250915_233547.json","items":2}
{"level":"info","ts":"2025-09-15T23:35:48+08:00","logger":"crypto.Binance_crypto_1s","caller":"usecase/ingest.go:91","msg":"published","batchSize":10,"batchesPerTick":1,"subject":"quotes.unknown.unknown","count":2}
{"level":"info","ts":"2025-09-15T23:35:48+08:00","logger":"crypto.Binance_crypto_1s","caller":"pipeline/pipeline.go:95","msg":"pipeline wrote file","batchSize":10,"batchesPerTick":1,"path":"out\\binance\\Binance_crypto_1s_20250915_233548.json","items":2}
{"level":"info","ts":"2025-09-15T23:35:49+08:00","logger":"crypto.Binance_crypto_1s","caller":"usecase/ingest.go:91","msg":"published","batchSize":10,"batchesPerTick":1,"subject":"quotes.unknown.unknown","count":2}
{"level":"info","ts":"2025-09-15T23:35:49+08:00","logger":"crypto.Binance_crypto_1s","caller":"pipeline/pipeline.go:95","msg":"pipeline wrote file","batchSize":10,"batchesPerTick":1,"path":"out\\binance\\Binance_crypto_1s_20250915_233549.json","items":2}
{"level":"info","ts":"2025-09-15T23:35:50+08:00","logger":"crypto.Binance_crypto_1s","caller":"usecase/ingest.go:91","msg":"published","batchSize":10,"batchesPerTick":1,"subject":"quotes.unknown.unknown","count":2}
{"level":"info","ts":"2025-09-15T23:35:50+08:00","logger":"crypto.Binance_crypto_1s","caller":"pipeline/pipeline.go:95","msg":"pipeline wrote file","batchSize":10,"batchesPerTick":1,"path":"out\\binance\\Binance_crypto_1s_20250915_233550.json","items":2}
{"level":"info","ts":"2025-09-15T23:35:51+08:00","logger":"crypto.Binance_crypto_1s","caller":"usecase/ingest.go:91","msg":"published","batchSize":10,"batchesPerTick":1,"subject":"quotes.unknown.unknown","count":2}
{"level":"info","ts":"2025-09-15T23:35:51+08:00","logger":"crypto.Binance_crypto_1s","caller":"pipeline/pipeline.go:95","msg":"pipeline wrote file","batchSize":10,"batchesPerTick":1,"path":"out\\binance\\Binance_crypto_1s_20250915_233551.json","items":2}
{"level":"info","ts":"2025-09-15T23:35:52+08:00","logger":"crypto.Binance_crypto_1s","caller":"usecase/ingest.go:91","msg":"published","batchSize":10,"batchesPerTick":1,"subject":"quotes.unknown.unknown","count":2}
{"level":"info","ts":"2025-09-15T23:35:52+08:00","logger":"crypto.Binance_crypto_1s","caller":"pipeline/pipeline.go:95","msg":"pipeline wrote file","batchSize":10,"batchesPerTick":1,"path":"out\\binance\\Binance_crypto_1s_20250915_233552.json","items":2}
{"level":"info","ts":"2025-09-15T23:35:53+08:00","logger":"crypto.Binance_crypto_1s","caller":"usecase/ingest.go:91","msg":"published","batchSize":10,"batchesPerTick":1,"subject":"quotes.unknown.unknown","count":2}
{"level":"info","ts":"2025-09-15T23:35:53+08:00","logger":"crypto.Binance_crypto_1s","caller":"pipeline/pipeline.go:95","msg":"pipeline wrote file","batchSize":10,"batchesPerTick":1,"path":"out\\binance\\Binance_crypto_1s_20250915_233553.json","items":2}
{"level":"info","ts":"2025-09-15T23:35:54+08:00","logger":"crypto.Binance_crypto_1s","caller":"usecase/ingest.go:91","msg":"published","batchSize":10,"batchesPerTick":1,"subject":"quotes.unknown.unknown","count":2}
{"level":"info","ts":"2025-09-15T23:35:54+08:00","logger":"crypto.Binance_crypto_1s","caller":"pipeline/pipeline.go:95","msg":"pipeline wrote file","batchSize":10,"batchesPerTick":1,"path":"out\\binance\\Binance_crypto_1s_20250915_233554.json","items":2}
{"level":"info","ts":"2025-09-15T23:35:55+08:00","logger":"crypto.Binance_crypto_1s","caller":"usecase/ingest.go:91","msg":"published","batchSize":10,"batchesPerTick":1,"subject":"quotes.unknown.unknown","count":2}
{"level":"info","ts":"2025-09-15T23:35:55+08:00","logger":"crypto.Binance_crypto_1s","caller":"pipeline/pipeline.go:95","msg":"pipeline wrote file","batchSize":10,"batchesPerTick":1,"path":"out\\binance\\Binance_crypto_1s_20250915_233555.json","items":2}
{"level":"info","ts":"2025-09-15T23:35:56+08:00","logger":"crypto.Binance_crypto_1s","caller":"usecase/ingest.go:91","msg":"published","batchSize":10,"batchesPerTick":1,"subject":"quotes.unknown.unknown","count":2}
{"level":"info","ts":"2025-09-15T23:35:56+08:00","logger":"crypto.Binance_crypto_1s","caller":"pipeline/pipeline.go:95","msg":"pipeline wrote file","batchSize":10,"batchesPerTick":1,"path":"out\\binance\\Binance_crypto_1s_20250915_233556.json","items":2}
{"level":"info","ts":"2025-09-15T23:35:57+08:00","logger":"crypto.Binance_crypto_1s","caller":"usecase/ingest.go:91","msg":"published","batchSize":10,"batchesPerTick":1,"subject":"quotes.unknown.unknown","count":2}
{"level":"info","ts":"2025-09-15T23:35:57+08:00","logger":"crypto.Binance_crypto_1s","caller":"pipeline/pipeline.go:95","msg":"pipeline wrote file","batchSize":10,"batchesPerTick":1,"path":"out\\binance\\Binance_crypto_1s_20250915_233557.json","items":2}
{"level":"info","ts":"2025-09-15T23:35:58+08:00","logger":"crypto.Binance_crypto_1s","caller":"usecase/ingest.go:91","msg":"published","batchSize":10,"batchesPerTick":1,"subject":"quotes.unknown.unknown","count":2}
{"level":"info","ts":"2025-09-15T23:35:58+08:00","logger":"crypto.Binance_crypto_1s","caller":"pipeline/pipeline.go:95","msg":"pipeline wrote file","batchSize":10,"batchesPerTick":1,"path":"out\\binance\\Binance_crypto_1s_20250915_233558.json","items":2}
{"level":"info","ts":"2025-09-15T23:35:59+08:00","logger":"crypto.Binance_crypto_1s","caller":"usecase/ingest.go:91","msg":"published","batchSize":10,"batchesPerTick":1,"subject":"quotes.unknown.unknown","count":2}
{"level":"info","ts":"2025-09-15T23:35:59+08:00","logger":"crypto.Binance_crypto_1s","caller":"pipeline/pipeline.go:95","msg":"pipeline wrote file","batchSize":10,"batchesPerTick":1,"path":"out\\binance\\Binance_crypto_1s_20250915_233559.json","items":2}
{"level":"info","ts":"2025-09-15T23:36:00+08:00","logger":"crypto.Binance_crypto_1s","caller":"usecase/ingest.go:91","msg":"published","batchSize":10,"batchesPerTick":1,"subject":"quotes.unknown.unknown","count":2}
{"level":"info","ts":"2025-09-15T23:36:00+08:00","logger":"crypto.Binance_crypto_1s","caller":"pipeline/pipeline.go:95","msg":"pipeline wrote file","batchSize":10,"batchesPerTick":1,"path":"out\\binance\\Binance_crypto_1s_20250915_233600.json","items":2}
{"level":"info","ts":"2025-09-15T23:36:01+08:00","logger":"crypto.Binance_crypto_1s","caller":"usecase/ingest.go:91","msg":"published","batchSize":10,"batchesPerTick":1,"subject":"quotes.unknown.unknown","count":2}
{"level":"info","ts":"2025-09-15T23:36:01+08:00","logger":"crypto.Binance_crypto_1s","caller":"pipeline/pipeline.go:95","msg":"pipeline wrote file","batchSize":10,"batchesPerTick":1,"path":"out\\binance\\Binance_crypto_1s_20250915_233601.json","items":2}
{"level":"info","ts":"2025-09-15T23:36:02+08:00","logger":"crypto.Binance_crypto_1s","caller":"usecase/ingest.go:91","msg":"published","batchSize":10,"batchesPerTick":1,"subject":"quotes.unknown.unknown","count":2}
{"level":"info","ts":"2025-09-15T23:36:02+08:00","logger":"crypto.Binance_crypto_1s","caller":"pipeline/pipeline.go:95","msg":"pipeline wrote file","batchSize":10,"batchesPerTick":1,"path":"out\\binance\\Binance_crypto_1s_20250915_233602.json","items":2}
{"level":"info","ts":"2025-09-15T23:36:03+08:00","logger":"crypto.Binance_crypto_1s","caller":"usecase/ingest.go:91","msg":"published","batchSize":10,"batchesPerTick":1,"subject":"quotes.unknown.unknown","count":2}
{"level":"info","ts":"2025-09-15T23:36:03+08:00","logger":"crypto.Binance_crypto_1s","caller":"pipeline/pipeline.go:95","msg":"pipeline wrote file","batchSize":10,"batchesPerTick":1,"path":"out\\binance\\Binance_crypto_1s_20250915_233603.json","items":2}
{"level":"info","ts":"2025-09-15T23:36:04+08:00","logger":"crypto.Binance_crypto_1s","caller":"usecase/ingest.go:91","msg":"published","batchSize":10,"batchesPerTick":1,"subject":"quotes.unknown.unknown","count":2}
{"level":"info","ts":"2025-09-15T23:36:04+08:00","logger":"crypto.Binance_crypto_1s","caller":"pipeline/pipeline.go:95","msg":"pipeline wrote file","batchSize":10,"batchesPerTick":1,"path":"out\\binance\\Binance_crypto_1s_20250915_233604.json","items":2}
{"level":"info","ts":"2025-09-15T23:36:05+08:00","logger":"crypto.Binance_crypto_1s","caller":"usecase/ingest.go:91","msg":"published","batchSize":10,"batchesPerTick":1,"subject":"quotes.unknown.unknown","count":2}
{"level":"info","ts":"2025-09-15T23:36:05+08:00","logger":"crypto.Binance_crypto_1s","caller":"pipeline/pipeline.go:95","msg":"pipeline wrote file","batchSize":10,"batchesPerTick":1,"path":"out\\binance\\Binance_crypto_1s_20250915_233605.json","items":2}
{"level":"info","ts":"2025-09-15T23:36:06+08:00","logger":"crypto.Binance_crypto_1s","caller":"usecase/ingest.go:91","msg":"published","batchSize":10,"batchesPerTick":1,"subject":"quotes.unknown.unknown","count":2}
{"level":"info","ts":"2025-09-15T23:36:06+08:00","logger":"crypto.Binance_crypto_1s","caller":"pipeline/pipeline.go:95","msg":"pipeline wrote file","batchSize":10,"batchesPerTick":1,"path":"out\\binance\\Binance_crypto_1s_20250915_233606.json","items":2}
{"level":"info","ts":"2025-09-15T23:36:07+08:00","logger":"crypto.Binance_crypto_1s","caller":"usecase/ingest.go:91","msg":"published","batchSize":10,"batchesPerTick":1,"subject":"quotes.unknown.unknown","count":2}
{"level":"info","ts":"2025-09-15T23:36:07+08:00","logger":"crypto.Binance_crypto_1s","caller":"pipeline/pipeline.go:95","msg":"pipeline wrote file","batchSize":10,"batchesPerTick":1,"path":"out\\binance\\Binance_crypto_1s_20250915_233607.json","items":2}
{"level":"info","ts":"2025-09-15T23:36:08+08:00","logger":"crypto.Binance_crypto_1s","caller":"usecase/ingest.go:91","msg":"published","batchSize":10,"batchesPerTick":1,"subject":"quotes.unknown.unknown","count":2}
{"level":"info","ts":"2025-09-15T23:36:08+08:00","logger":"crypto.Binance_crypto_1s","caller":"pipeline/pipeline.go:95","msg":"pipeline wrote file","batchSize":10,"batchesPerTick":1,"path":"out\\binance\\Binance_crypto_1s_20250915_233608.json","items":2}
{"level":"info","ts":"2025-09-15T23:36:09+08:00","logger":"crypto.Binance_crypto_1s","caller":"usecase/ingest.go:91","msg":"published","batchSize":10,"batchesPerTick":1,"subject":"quotes.unknown.unknown","count":2}
{"level":"info","ts":"2025-09-15T23:36:09+08:00","logger":"crypto.Binance_crypto_1s","caller":"pipeline/pipeline.go:95","msg":"pipeline wrote file","batchSize":10,"batchesPerTick":1,"path":"out\\binance\\Binance_crypto_1s_20250915_233609.json","items":2}
{"level":"info","ts":"2025-09-15T23:36:10+08:00","logger":"crypto.Binance_crypto_1s","caller":"usecase/ingest.go:91","msg":"published","batchSize":10,"batchesPerTick":1,"subject":"quotes.unknown.unknown","count":2}
{"level":"info","ts":"2025-09-15T23:36:10+08:00","logger":"crypto.Binance_crypto_1s","caller":"pipeline/pipeline.go:95","msg":"pipeline wrote file","batchSize":10,"batchesPerTick":1,"path":"out\\binance\\Binance_crypto_1s_20250915_233610.json","items":2}
{"level":"info","ts":"2025-09-15T23:36:11+08:00","logger":"crypto.Yahoo_crypto_daily","caller":"pipeline/pipeline.go:110","msg":"pipeline stopping","batchSize":10,"batchesPerTick":1,"error":"context canceled"}
{"level":"info","ts":"2025-09-15T23:36:11+08:00","logger":"crypto.Binance_crypto_1s","caller":"pipeline/pipeline.go:110","msg":"pipeline stopping","batchSize":10,"batchesPerTick":1,"error":"context canceled"}
{"level":"info","ts":"2025-09-15T23:36:11+08:00","logger":"crypto","caller":"guotepub.go/main.go:195","msg":"Shutting down"}
{"level":"info","ts":"2025-09-17T16:09:51+08:00","logger":"crypto.binance_crypto_1s","caller":"pipeline/pipeline.go:44","msg":"pipeline started","batchSize":10,"batchesPerTick":1}
{"level":"info","ts":"2025-09-17T16:10:50+08:00","logger":"crypto.binance_crypto_1s","caller":"pipeline/pipeline.go:124","msg":"pipeline stopping","batchSize":10,"batchesPerTick":1,"error":"context canceled"}
{"level":"error","ts":"2025-09-17T16:10:50+08:00","logger":"crypto.binance_crypto_1s","caller":"pipeline/pipeline.go:78","msg":"fetch error","batchSize":10,"batchesPerTick":1,"error":"Binance fetch: Get \"https://api.binance.com/api/v3/ticker/24hr?symbols=%5B%22BTCUSDT%22%2C%22ETHUSDT%22%5D\": context canceled"}
{"level":"info","ts":"2025-09-17T16:10:50+08:00","logger":"crypto","caller":"guotepub.go/main.go:202","msg":"Shutting down"}
{"level":"info","ts":"2025-09-18T00:37:11+08:00","logger":"crypto.binance_crypto_1s","caller":"pipeline/pipeline.go:44","msg":"pipeline started","batchSize":10,"batchesPerTick":1}
{"level":"info","ts":"2025-09-18T00:40:52+08:00","logger":"crypto.binance_crypto_1s","caller":"pipeline/pipeline.go:134","msg":"pipeline stopping","batchSize":10,"batchesPerTick":1,"error":"context canceled"}
{"level":"info","ts":"2025-09-18T00:40:52+08:00","logger":"crypto","caller":"guotepub.go/main.go:211","msg":"Shutting down"}
{"level":"info","ts":"2025-09-18T00:41:13+08:00","logger":"crypto.binance_crypto_1s","caller":"pipeline/pipeline.go:44","msg":"pipeline started","batchSize":10,"batchesPerTick":1}
{"level":"info","ts":"2025-09-18T00:41:13+08:00","logger":"crypto.yahoo_crypto_daily","caller":"pipeline/pipeline.go:44","msg":"pipeline started","batchSize":10,"batchesPerTick":1}
{"level":"info","ts":"2025-09-18T00:41:31+08:00","logger":"crypto.yahoo_crypto_daily","caller":"pipeline/pipeline.go:134","msg":"pipeline stopping","batchSize":10,"batchesPerTick":1,"error":"context canceled"}
{"level":"info","ts":"2025-09-18T00:41:31+08:00","logger":"crypto.binance_crypto_1s","caller":"pipeline/pipeline.go:134","msg":"pipeline stopping","batchSize":10,"batchesPerTick":1,"error":"context canceled"}
{"level":"info","ts":"2025-09-18T00:41:31+08:00","logger":"crypto","caller":"guotepub.go/main.go:211","msg":"Shutting down"}
{"level":"info","ts":"2025-09-18T18:08:38+08:00","logger":"crypto.binance_crypto_1s","caller":"pipeline/pipeline.go:44","msg":"pipeline started","batchSize":10,"batchesPerTick":1}
{"level":"info","ts":"2025-09-18T18:08:38+08:00","logger":"crypto.yahoo_crypto_daily","caller":"pipeline/pipeline.go:44","msg":"pipeline started","batchSize":10,"batchesPerTick":1}
{"level":"info","ts":"2025-09-18T18:09:05+08:00","logger":"crypto.binance_crypto_1s","caller":"pipeline/pipeline.go:133","msg":"pipeline stopping","batchSize":10,"batchesPerTick":1,"error":"context canceled"}
{"level":"info","ts":"2025-09-18T18:09:05+08:00","logger":"crypto.yahoo_crypto_daily","caller":"pipeline/pipeline.go:133","msg":"pipeline stopping","batchSize":10,"batchesPerTick":1,"error":"context canceled"}
{"level":"info","ts":"2025-09-18T18:09:05+08:00","logger":"crypto","caller":"guotepub.go/main.go:211","msg":"Shutting down"}
{"level":"info","ts":"2025-09-18T18:09:33+08:00","logger":"crypto.yahoo_crypto_daily","caller":"pipeline/pipeline.go:44","msg":"pipeline started","batchSize":10,"batchesPerTick":1}
{"level":"info","ts":"2025-09-18T18:09:33+08:00","logger":"crypto.binance_crypto_1s","caller":"pipeline/pipeline.go:44","msg":"pipeline started","batchSize":10,"batchesPerTick":1}
{"level":"info","ts":"2025-09-18T18:10:07+08:00","logger":"crypto.yahoo_crypto_daily","caller":"pipeline/pipeline.go:133","msg":"pipeline stopping","batchSize":10,"batchesPerTick":1,"error":"context canceled"}
{"level":"info","ts":"2025-09-18T18:10:07+08:00","logger":"crypto.binance_crypto_1s","caller":"pipeline/pipeline.go:78","msg":"job canceled during shutdown","batchSize":10,"batchesPerTick":1,"error":"Binance fetch: Get \"https://api.binance.com/api/v3/ticker/24hr?symbols=%5B%22BTCUSDT%22%2C%22ETHUSDT%22%5D\": context canceled"}
{"level":"info","ts":"2025-09-18T18:10:07+08:00","logger":"crypto.binance_crypto_1s","caller":"pipeline/pipeline.go:133","msg":"pipeline stopping","batchSize":10,"batchesPerTick":1,"error":"context canceled"}
{"level":"info","ts":"2025-09-18T18:10:07+08:00","logger":"crypto","caller":"guotepub.go/main.go:211","msg":"Shutting down"}
{"level":"info","ts":"2025-09-18T18:12:14+08:00","logger":"crypto.binance_crypto_1s","caller":"pipeline/pipeline.go:44","msg":"pipeline started","batchSize":10,"batchesPerTick":1}
{"level":"info","ts":"2025-09-18T18:12:14+08:00","logger":"crypto.yahoo_crypto_daily","caller":"pipeline/pipeline.go:44","msg":"pipeline started","batchSize":10,"batchesPerTick":1}
{"level":"info","ts":"2025-09-18T18:16:01+08:00","logger":"crypto.binance_crypto_1s","caller":"pipeline/pipeline.go:133","msg":"pipeline stopping","batchSize":10,"batchesPerTick":1,"error":"context canceled"}
{"level":"info","ts":"2025-09-18T18:16:01+08:00","logger":"crypto.yahoo_crypto_daily","caller":"pipeline/pipeline.go:133","msg":"pipeline stopping","batchSize":10,"batchesPerTick":1,"error":"context canceled"}
{"level":"info","ts":"2025-09-18T18:16:01+08:00","logger":"crypto","caller":"guotepub.go/main.go:211","msg":"Shutting down"}
{"level":"info","ts":"2025-09-18T18:18:39+08:00","logger":"crypto.yahoo_crypto_daily","caller":"pipeline/pipeline.go:44","msg":"pipeline started","batchSize":10,"batchesPerTick":1}
{"level":"info","ts":"2025-09-18T18:18:39+08:00","logger":"crypto.binance_crypto_1s","caller":"pipeline/pipeline.go:44","msg":"pipeline started","batchSize":10,"batchesPerTick":1}
{"level":"info","ts":"2025-09-18T18:18:49+08:00","logger":"crypto.yahoo_crypto_daily","caller":"pipeline/pipeline.go:133","msg":"pipeline stopping","batchSize":10,"batchesPerTick":1,"error":"context canceled"}
{"level":"info","ts":"2025-09-18T18:18:49+08:00","logger":"crypto.binance_crypto_1s","caller":"pipeline/pipeline.go:133","msg":"pipeline stopping","batchSize":10,"batchesPerTick":1,"error":"context canceled"}
{"level":"info","ts":"2025-09-18T18:18:49+08:00","logger":"crypto","caller":"guotepub.go/main.go:211","msg":"Shutting down"}
{"level":"info","ts":"2025-09-18T18:28:51+08:00","logger":"crypto.yahoo_crypto_daily","caller":"pipeline/pipeline.go:44","msg":"pipeline started","batchSize":10,"batchesPerTick":1}
{"level":"info","ts":"2025-09-18T18:28:51+08:00","logger":"crypto.binance_crypto_1s","caller":"pipeline/pipeline.go:44","msg":"pipeline started","batchSize":10,"batchesPerTick":1}
{"level":"info","ts":"2025-09-18T18:29:09+08:00","logger":"crypto.binance_crypto_1s","caller":"pipeline/pipeline.go:78","msg":"job canceled during shutdown","batchSize":10,"batchesPerTick":1,"error":"Binance fetch: Get \"https://api.binance.com/api/v3/ticker/24hr?symbols=%5B%22BTCUSDT%22%2C%22ETHUSDT%22%5D\": context canceled"}
{"level":"info","ts":"2025-09-18T18:29:09+08:00","logger":"crypto.yahoo_crypto_daily","caller":"pipeline/pipeline.go:133","msg":"pipeline stopping","batchSize":10,"batchesPerTick":1,"error":"context canceled"}
{"level":"info","ts":"2025-09-18T18:29:09+08:00","logger":"crypto.binance_crypto_1s","caller":"pipeline/pipeline.go:133","msg":"pipeline stopping","batchSize":10,"batchesPerTick":1,"error":"context canceled"}
{"level":"info","ts":"2025-09-18T18:29:09+08:00","logger":"crypto","caller":"guotepub.go/main.go:211","msg":"Shutting down"}
{"level":"info","ts":"2025-09-18T18:50:16+08:00","logger":"crypto.binance_crypto_1s","caller":"pipeline/pipeline.go:44","msg":"pipeline started","batchSize":10,"batchesPerTick":1}
{"level":"info","ts":"2025-09-18T18:50:16+08:00","logger":"crypto.yahoo_crypto_daily","caller":"pipeline/pipeline.go:44","msg":"pipeline started","batchSize":10,"batchesPerTick":1}
{"level":"info","ts":"2025-09-18T18:50:27+08:00","logger":"crypto.yahoo_crypto_daily","caller":"pipeline/pipeline.go:133","msg":"pipeline stopping","batchSize":10,"batchesPerTick":1,"error":"context canceled"}
{"level":"info","ts":"2025-09-18T18:50:27+08:00","logger":"crypto.binance_crypto_1s","caller":"pipeline/pipeline.go:133","msg":"pipeline stopping","batchSize":10,"batchesPerTick":1,"error":"context canceled"}
{"level":"info","ts":"2025-09-18T18:50:27+08:00","logger":"crypto","caller":"guotepub.go/main.go:211","msg":"Shutting down"}
{"level":"info","ts":"2025-09-18T18:50:52+08:00","logger":"crypto.yahoo_crypto_daily","caller":"pipeline/pipeline.go:44","msg":"pipeline started","batchSize":10,"batchesPerTick":1}
{"level":"info","ts":"2025-09-18T18:50:52+08:00","logger":"crypto.binance_crypto_1s","caller":"pipeline/pipeline.go:44","msg":"pipeline started","batchSize":10,"batchesPerTick":1}
{"level":"info","ts":"2025-09-18T18:51:04+08:00","logger":"crypto.binance_crypto_1s","caller":"pipeline/pipeline.go:133","msg":"pipeline stopping","batchSize":10,"batchesPerTick":1,"error":"context canceled"}
{"level":"info","ts":"2025-09-18T18:51:04+08:00","logger":"crypto.yahoo_crypto_daily","caller":"pipeline/pipeline.go:133","msg":"pipeline stopping","batchSize":10,"batchesPerTick":1,"error":"context canceled"}
{"level":"info","ts":"2025-09-18T18:51:04+08:00","logger":"crypto","caller":"guotepub.go/main.go:211","msg":"Shutting down"}
{"level":"info","ts":"2025-09-18T19:18:36+08:00","logger":"crypto.binance_crypto_1s","caller":"pipeline/pipeline.go:44","msg":"pipeline started","batchSize":10,"batchesPerTick":1}
{"level":"info","ts":"2025-09-18T19:18:36+08:00","logger":"crypto.yahoo_crypto_daily","caller":"pipeline/pipeline.go:44","msg":"pipeline started","batchSize":10,"batchesPerTick":1}
{"level":"info","ts":"2025-09-18T19:18:38+08:00","logger":"crypto.binance_crypto_1s","caller":"pipeline/pipeline.go:133","msg":"pipeline stopping","batchSize":10,"batchesPerTick":1,"error":"context canceled"}
{"level":"info","ts":"2025-09-18T19:18:38+08:00","logger":"crypto.yahoo_crypto_daily","caller":"pipeline/pipeline.go:133","msg":"pipeline stopping","batchSize":10,"batchesPerTick":1,"error":"context canceled"}
{"level":"info","ts":"2025-09-18T19:18:38+08:00","logger":"crypto","caller":"guotepub.go/main.go:211","msg":"Shutting down"}
{"level":"info","ts":"2025-09-18T19:33:59+08:00","logger":"crypto.yahoo_crypto_daily","caller":"pipeline/pipeline.go:44","msg":"pipeline started","batchSize":10,"batchesPerTick":1}
{"level":"info","ts":"2025-09-18T19:33:59+08:00","logger":"crypto.binance_crypto_1s","caller":"pipeline/pipeline.go:44","msg":"pipeline started","batchSize":10,"batchesPerTick":1}
{"level":"info","ts":"2025-09-18T19:34:13+08:00","logger":"crypto.binance_crypto_1s","caller":"pipeline/pipeline.go:133","msg":"pipeline stopping","batchSize":10,"batchesPerTick":1,"error":"context canceled"}
{"level":"info","ts":"2025-09-18T19:34:13+08:00","logger":"crypto.yahoo_crypto_daily","caller":"pipeline/pipeline.go:133","msg":"pipeline stopping","batchSize":10,"batchesPerTick":1,"error":"context canceled"}
{"level":"info","ts":"2025-09-18T19:34:13+08:00","logger":"crypto","caller":"guotepub.go/main.go:211","msg":"Shutting down"}
{"level":"info","ts":"2025-09-18T19:34:40+08:00","logger":"crypto.yahoo_crypto_daily","caller":"pipeline/pipeline.go:44","msg":"pipeline started","batchSize":10,"batchesPerTick":1}
{"level":"info","ts":"2025-09-18T19:34:40+08:00","logger":"crypto.binance_crypto_1s","caller":"pipeline/pipeline.go:44","msg":"pipeline started","batchSize":10,"batchesPerTick":1}
{"level":"info","ts":"2025-09-18T19:34:41+08:00","logger":"crypto.binance_crypto_1s","caller":"pipeline/pipeline.go:133","msg":"pipeline stopping","batchSize":10,"batchesPerTick":1,"error":"context canceled"}
{"level":"info","ts":"2025-09-18T19:34:41+08:00","logger":"crypto.yahoo_crypto_daily","caller":"pipeline/pipeline.go:133","msg":"pipeline stopping","batchSize":10,"batchesPerTick":1,"error":"context canceled"}
{"level":"info","ts":"2025-09-18T19:34:41+08:00","logger":"crypto","caller":"guotepub.go/main.go:211","msg":"Shutting down"}
{"level":"info","ts":"2025-09-24T14:49:11+08:00","logger":"crypto.yahoo_crypto_daily","caller":"pipeline/pipeline.go:44","msg":"pipeline started","batchSize":10,"batchesPerTick":1}
{"level":"info","ts":"2025-09-24T14:49:11+08:00","logger":"crypto.binance_crypto_1s","caller":"pipeline/pipeline.go:44","msg":"pipeline started","batchSize":10,"batchesPerTick":1}
{"level":"info","ts":"2025-09-24T17:38:42+08:00","logger":"crypto.binance_crypto_1s","caller":"usecase/ingest.go:108","msg":"NATS flush canceled during shutdown","batchSize":10,"batchesPerTick":1,"error":"nats: timeout"}
{"level":"info","ts":"2025-09-24T17:54:49+08:00","logger":"crypto.binance_crypto_1s","caller":"pipeline/pipeline.go:78","msg":"job canceled during shutdown","batchSize":10,"batchesPerTick":1,"error":"Binance fetch: Get \"https://api.binance.com/api/v3/ticker/24hr?symbols=%5B%22BTCUSDT%22%2C%22ETHUSDT%22%5D\": context deadline exceeded"}
{"level":"info","ts":"2025-09-24T17:54:51+08:00","logger":"crypto.binance_crypto_1s","caller":"pipeline/pipeline.go:78","msg":"job canceled during shutdown","batchSize":10,"batchesPerTick":1,"error":"Binance fetch: Get \"https://api.binance.com/api/v3/ticker/24hr?symbols=%5B%22BTCUSDT%22%2C%22ETHUSDT%22%5D\": context deadline exceeded"}
{"level":"info","ts":"2025-09-24T17:54:53+08:00","logger":"crypto.binance_crypto_1s","caller":"pipeline/pipeline.go:78","msg":"job canceled during shutdown","batchSize":10,"batchesPerTick":1,"error":"Binance fetch: Get \"https://api.binance.com/api/v3/ticker/24hr?symbols=%5B%22BTCUSDT%22%2C%22ETHUSDT%22%5D\": context deadline exceeded"}
{"level":"info","ts":"2025-09-24T17:54:54+08:00","logger":"crypto.binance_crypto_1s","caller":"pipeline/pipeline.go:78","msg":"job canceled during shutdown","batchSize":10,"batchesPerTick":1,"error":"Binance fetch: Get \"https://api.binance.com/api/v3/ticker/24hr?symbols=%5B%22BTCUSDT%22%2C%22ETHUSDT%22%5D\": context deadline exceeded"}
{"level":"info","ts":"2025-09-24T17:54:55+08:00","logger":"crypto.binance_crypto_1s","caller":"pipeline/pipeline.go:78","msg":"job canceled during shutdown","batchSize":10,"batchesPerTick":1,"error":"Binance fetch: Get \"https://api.binance.com/api/v3/ticker/24hr?symbols=%5B%22BTCUSDT%22%2C%22ETHUSDT%22%5D\": context deadline exceeded"}
{"level":"info","ts":"2025-09-24T17:54:56+08:00","logger":"crypto.binance_crypto_1s","caller":"pipeline/pipeline.go:78","msg":"job canceled during shutdown","batchSize":10,"batchesPerTick":1,"error":"Binance fetch: Get \"https://api.binance.com/api/v3/ticker/24hr?symbols=%5B%22BTCUSDT%22%2C%22ETHUSDT%22%5D\": context deadline exceeded"}
{"level":"info","ts":"2025-09-24T17:54:57+08:00","logger":"crypto.binance_crypto_1s","caller":"pipeline/pipeline.go:78","msg":"job canceled during shutdown","batchSize":10,"batchesPerTick":1,"error":"Binance fetch: Get \"https://api.binance.com/api/v3/ticker/24hr?symbols=%5B%22BTCUSDT%22%2C%22ETHUSDT%22%5D\": context deadline exceeded"}
{"level":"info","ts":"2025-09-24T17:54:58+08:00","logger":"crypto.binance_crypto_1s","caller":"pipeline/pipeline.go:78","msg":"job canceled during shutdown","batchSize":10,"batchesPerTick":1,"error":"Binance fetch: Get \"https://api.binance.com/api/v3/ticker/24hr?symbols=%5B%22BTCUSDT%22%2C%22ETHUSDT%22%5D\": context deadline exceeded"}
{"level":"info","ts":"2025-09-24T17:54:59+08:00","logger":"crypto.binance_crypto_1s","caller":"pipeline/pipeline.go:78","msg":"job canceled during shutdown","batchSize":10,"batchesPerTick":1,"error":"Binance fetch: Get \"https://api.binance.com/api/v3/ticker/24hr?symbols=%5B%22BTCUSDT%22%2C%22ETHUSDT%22%5D\": context deadline exceeded"}
{"level":"info","ts":"2025-09-24T17:55:00+08:00","logger":"crypto.binance_crypto_1s","caller":"pipeline/pipeline.go:78","msg":"job canceled during shutdown","batchSize":10,"batchesPerTick":1,"error":"Binance fetch: Get \"https://api.binance.com/api/v3/ticker/24hr?symbols=%5B%22BTCUSDT%22%2C%22ETHUSDT%22%5D\": context deadline exceeded"}
{"level":"info","ts":"2025-09-24T17:55:01+08:00","logger":"crypto.binance_crypto_1s","caller":"pipeline/pipeline.go:78","msg":"job canceled during shutdown","batchSize":10,"batchesPerTick":1,"error":"Binance fetch: Get \"https://api.binance.com/api/v3/ticker/24hr?symbols=%5B%22BTCUSDT%22%2C%22ETHUSDT%22%5D\": context deadline exceeded"}
{"level":"info","ts":"2025-09-24T17:55:02+08:00","logger":"crypto.binance_crypto_1s","caller":"pipeline/pipeline.go:78","msg":"job canceled during shutdown","batchSize":10,"batchesPerTick":1,"error":"Binance fetch: Get \"https://api.binance.com/api/v3/ticker/24hr?symbols=%5B%22BTCUSDT%22%2C%22ETHUSDT%22%5D\": context deadline exceeded"}
{"level":"info","ts":"2025-09-24T17:55:03+08:00","logger":"crypto.binance_crypto_1s","caller":"pipeline/pipeline.go:78","msg":"job canceled during shutdown","batchSize":10,"batchesPerTick":1,"error":"Binance fetch: Get \"https://api.binance.com/api/v3/ticker/24hr?symbols=%5B%22BTCUSDT%22%2C%22ETHUSDT%22%5D\": context deadline exceeded"}
{"level":"info","ts":"2025-09-24T17:55:04+08:00","logger":"crypto.binance_crypto_1s","caller":"pipeline/pipeline.go:78","msg":"job canceled during shutdown","batchSize":10,"batchesPerTick":1,"error":"Binance fetch: Get \"https://api.binance.com/api/v3/ticker/24hr?symbols=%5B%22BTCUSDT%22%2C%22ETHUSDT%22%5D\": context deadline exceeded"}
{"level":"info","ts":"2025-09-24T17:55:05+08:00","logger":"crypto.binance_crypto_1s","caller":"pipeline/pipeline.go:78","msg":"job canceled during shutdown","batchSize":10,"batchesPerTick":1,"error":"Binance fetch: Get \"https://api.binance.com/api/v3/ticker/24hr?symbols=%5B%22BTCUSDT%22%2C%22ETHUSDT%22%5D\": context deadline exceeded"}
{"level":"error","ts":"2025-09-24T17:55:06+08:00","logger":"crypto.binance_crypto_1s","caller":"pipeline/pipeline.go:81","msg":"fetch error","batchSize":10,"batchesPerTick":1,"error":"Binance fetch: Get \"https://api.binance.com/api/v3/ticker/24hr?symbols=%5B%22BTCUSDT%22%2C%22ETHUSDT%22%5D\": read tcp 192.168.0.105:7314->3.169.135.159:443: wsarecv: A connection attempt failed because the connected party did not properly respond after a period of time, or established connection failed because connected host has failed to respond."}
{"level":"info","ts":"2025-09-24T17:57:02+08:00","logger":"crypto.binance_crypto_1s","caller":"pipeline/pipeline.go:133","msg":"pipeline stopping","batchSize":10,"batchesPerTick":1,"error":"context canceled"}
{"level":"info","ts":"2025-09-24T17:57:02+08:00","logger":"crypto.yahoo_crypto_daily","caller":"pipeline/pipeline.go:133","msg":"pipeline stopping","batchSize":10,"batchesPerTick":1,"error":"context canceled"}
{"level":"info","ts":"2025-09-24T17:57:02+08:00","logger":"crypto","caller":"guotepub/main.go:211","msg":"Shutting down"}
{"level":"info","ts":"2025-09-24T17:57:12+08:00","logger":"crypto.binance_crypto_1s","caller":"pipeline/pipeline.go:44","msg":"pipeline started","batchSize":10,"batchesPerTick":1}
{"level":"info","ts":"2025-09-24T17:57:12+08:00","logger":"crypto.yahoo_crypto_daily","caller":"pipeline/pipeline.go:44","msg":"pipeline started","batchSize":10,"batchesPerTick":1}
{"level":"info","ts":"2025-09-24T18:39:18+08:00","logger":"crypto.binance_crypto_1s","caller":"pipeline/pipeline.go:133","msg":"pipeline stopping","batchSize":10,"batchesPerTick":1,"error":"context canceled"}
{"level":"info","ts":"2025-09-24T18:39:18+08:00","logger":"crypto.yahoo_crypto_daily","caller":"pipeline/pipeline.go:133","msg":"pipeline stopping","batchSize":10,"batchesPerTick":1,"error":"context canceled"}
{"level":"info","ts":"2025-09-24T18:39:18+08:00","logger":"crypto","caller":"guotepub/main.go:211","msg":"Shutting down"}
{"level":"info","ts":"2025-09-24T18:39:25+08:00","logger":"crypto.binance_crypto_1s","caller":"pipeline/pipeline.go:44","msg":"pipeline started","batchSize":10,"batchesPerTick":1}
{"level":"info","ts":"2025-09-24T18:39:25+08:00","logger":"crypto.yahoo_crypto_daily","caller":"pipeline/pipeline.go:44","msg":"pipeline started","batchSize":10,"batchesPerTick":1}
{"level":"info","ts":"2025-09-24T18:39:34+08:00","logger":"crypto.binance_crypto_1s","caller":"pipeline/pipeline.go:133","msg":"pipeline stopping","batchSize":10,"batchesPerTick":1,"error":"context canceled"}
{"level":"info","ts":"2025-09-24T18:39:34+08:00","logger":"crypto.yahoo_crypto_daily","caller":"pipeline/pipeline.go:133","msg":"pipeline stopping","batchSize":10,"batchesPerTick":1,"error":"context canceled"}
{"level":"info","ts":"2025-09-24T18:39:34+08:00","logger":"crypto","caller":"guotepub/main.go:211","msg":"Shutting down"}
{"level":"info","ts":"2025-09-24T18:39:48+08:00","logger":"crypto.binance_crypto_1s","caller":"pipeline/pipeline.go:44","msg":"pipeline started","batchSize":10,"batchesPerTick":1}
{"level":"info","ts":"2025-09-24T18:39:48+08:00","logger":"crypto.yahoo_crypto_daily","caller":"pipeline/pipeline.go:44","msg":"pipeline started","batchSize":10,"batchesPerTick":1}
{"level":"info","ts":"2025-09-24T18:39:56+08:00","logger":"crypto.yahoo_crypto_daily","caller":"pipeline/pipeline.go:133","msg":"pipeline stopping","batchSize":10,"batchesPerTick":1,"error":"context canceled"}
{"level":"info","ts":"2025-09-24T18:39:56+08:00","logger":"crypto.binance_crypto_1s","caller":"pipeline/pipeline.go:133","msg":"pipeline stopping","batchSize":10,"batchesPerTick":1,"error":"context canceled"}
{"level":"info","ts":"2025-09-24T18:39:56+08:00","logger":"crypto","caller":"guotepub/main.go:211","msg":"Shutting down"}
{"level":"info","ts":"2025-09-24T18:41:25+08:00","logger":"crypto.binance_crypto_1s","caller":"pipeline/pipeline.go:44","msg":"pipeline started","batchSize":10,"batchesPerTick":1}
{"level":"info","ts":"2025-09-24T18:41:25+08:00","logger":"crypto.yahoo_crypto_daily","caller":"pipeline/pipeline.go:44","msg":"pipeline started","batchSize":10,"batchesPerTick":1}
{"level":"info","ts":"2025-09-24T19:04:38+08:00","logger":"crypto.yahoo_crypto_daily","caller":"pipeline/pipeline.go:133","msg":"pipeline stopping","batchSize":10,"batchesPerTick":1,"error":"context canceled"}
{"level":"info","ts":"2025-09-24T19:04:38+08:00","logger":"crypto.binance_crypto_1s","caller":"pipeline/pipeline.go:133","msg":"pipeline stopping","batchSize":10,"batchesPerTick":1,"error":"context canceled"}
{"level":"info","ts":"2025-09-24T19:04:38+08:00","logger":"crypto","caller":"guotepub/main.go:211","msg":"Shutting down"}
{"level":"info","ts":"2025-09-24T19:05:22+08:00","logger":"crypto.yahoo_crypto_daily","caller":"pipeline/pipeline.go:44","msg":"pipeline started","batchSize":10,"batchesPerTick":1}
{"level":"info","ts":"2025-09-24T19:05:22+08:00","logger":"crypto.binance_crypto_1s","caller":"pipeline/pipeline.go:44","msg":"pipeline started","batchSize":10,"batchesPerTick":1}
{"level":"info","ts":"2025-09-24T19:18:49+08:00","logger":"crypto.yahoo_crypto_daily","caller":"pipeline/pipeline.go:133","msg":"pipeline stopping","batchSize":10,"batchesPerTick":1,"error":"context canceled"}
{"level":"info","ts":"2025-09-24T19:18:49+08:00","logger":"crypto.binance_crypto_1s","caller":"pipeline/pipeline.go:78","msg":"job canceled during shutdown","batchSize":10,"batchesPerTick":1,"error":"Binance fetch: Get \"https://api.binance.com/api/v3/ticker/24hr?symbols=%5B%22BTCUSDT%22%2C%22ETHUSDT%22%5D\": context canceled"}
{"level":"info","ts":"2025-09-24T19:18:49+08:00","logger":"crypto.binance_crypto_1s","caller":"pipeline/pipeline.go:133","msg":"pipeline stopping","batchSize":10,"batchesPerTick":1,"error":"context canceled"}
{"level":"info","ts":"2025-09-24T19:18:49+08:00","logger":"crypto","caller":"guotepub/main.go:211","msg":"Shutting down"}
{"level":"info","ts":"2025-09-24T19:18:54+08:00","logger":"crypto.yahoo_crypto_daily","caller":"pipeline/pipeline.go:44","msg":"pipeline started","batchSize":10,"batchesPerTick":1}
{"level":"info","ts":"2025-09-24T19:18:54+08:00","logger":"crypto.binance_crypto_1s","caller":"pipeline/pipeline.go:44","msg":"pipeline started","batchSize":10,"batchesPerTick":1}
{"level":"info","ts":"2025-09-24T19:48:14+08:00","logger":"crypto.binance_crypto_1s","caller":"pipeline/pipeline.go:133","msg":"pipeline stopping","batchSize":10,"batchesPerTick":1,"error":"context canceled"}
{"level":"info","ts":"2025-09-24T19:48:14+08:00","logger":"crypto.yahoo_crypto_daily","caller":"pipeline/pipeline.go:133","msg":"pipeline stopping","batchSize":10,"batchesPerTick":1,"error":"context canceled"}
{"level":"info","ts":"2025-09-24T19:48:14+08:00","logger":"crypto","caller":"guotepub/main.go:211","msg":"Shutting down"}
{"level":"info","ts":"2025-09-24T20:46:32+08:00","logger":"crypto.yahoo_crypto_daily","caller":"pipeline/pipeline.go:44","msg":"pipeline started","batchSize":10,"batchesPerTick":1}
{"level":"info","ts":"2025-09-24T20:46:32+08:00","logger":"crypto.binance_crypto_1s","caller":"pipeline/pipeline.go:44","msg":"pipeline started","batchSize":10,"batchesPerTick":1}
{"level":"info","ts":"2025-09-24T20:47:01+08:00","logger":"crypto.binance_crypto_1s","caller":"pipeline/pipeline.go:133","msg":"pipeline stopping","batchSize":10,"batchesPerTick":1,"error":"context canceled"}
{"level":"info","ts":"2025-09-24T20:47:01+08:00","logger":"crypto.yahoo_crypto_daily","caller":"pipeline/pipeline.go:133","msg":"pipeline stopping","batchSize":10,"batchesPerTick":1,"error":"context canceled"}
{"level":"info","ts":"2025-09-24T20:47:01+08:00","logger":"crypto","caller":"guotepub/main.go:211","msg":"Shutting down"}
